#
# A fatal error has been detected by the Java Runtime Environment:
#
#  EXCEPTION_ACCESS_VIOLATION (0xc0000005) at pc=0x00007ffe8a9b4539, pid=21584, tid=24244
#
# JRE version: Java(TM) SE Runtime Environment (17.0.11+7) (build 17.0.11+7-LTS-207)
# Java VM: Java HotSpot(TM) 64-Bit Server VM (17.0.11+7-LTS-207, mixed mode, sharing, tiered, compressed oops, compressed class ptrs, g1 gc, windows-amd64)
# Problematic frame:
# V  [jvm.dll+0x304539]
#
# No core dump will be written. Minidumps are not enabled by default on client versions of Windows
#
# If you would like to submit a bug report, please visit:
#   https://bugreport.java.com/bugreport/crash.jsp
#

---------------  S U M M A R Y ------------

Command Line: -Dfile.encoding=UTF-8 -Dstdout.encoding=UTF-8 -Dstderr.encoding=UTF-8 -XX:+ShowCodeDetailsInExceptionMessages br.com.fiap.soat8.grupo14.hackathon.authservice.AuthServiceApplication

Host: AMD Ryzen 5 5600 6-Core Processor              , 12 cores, 31G,  Windows 10 , 64 bit Build 19041 (10.0.19041.5678)
Time: Fri Apr 18 08:50:57 2025 Hora oficial do Brasil elapsed time: 3.357628 seconds (0d 0h 0m 3s)

---------------  T H R E A D  ---------------

Current thread (0x00000204fdede660):  GCTaskThread "GC Thread#7" [stack: 0x000000e2ff400000,0x000000e2ff500000] [id=24244]

Stack: [0x000000e2ff400000,0x000000e2ff500000],  sp=0x000000e2ff4ff9c0,  free space=1022k
Native frames: (J=compiled Java code, j=interpreted, Vv=VM code, C=native code)
V  [jvm.dll+0x304539]
V  [jvm.dll+0x30123e]
V  [jvm.dll+0x30fa43]
V  [jvm.dll+0x31185b]
V  [jvm.dll+0x31003d]
V  [jvm.dll+0x31140a]
V  [jvm.dll+0x2dbf93]
V  [jvm.dll+0x2dd83b]
V  [jvm.dll+0x807f7b]
V  [jvm.dll+0x807fc6]
V  [jvm.dll+0x78a85a]
V  [jvm.dll+0x678bb5]
C  [ucrtbase.dll+0x21bb2]
C  [KERNEL32.DLL+0x17374]
C  [ntdll.dll+0x4cc91]


siginfo: EXCEPTION_ACCESS_VIOLATION (0xc0000005), reading address 0x0000000000002000


Registers:
RAX=0x0000000000000000, RBX=0x000000060193e321, RCX=0x0000000000000016, RDX=0x0000000000000000
RSP=0x000000e2ff4ff9c0, RBP=0x0000000000001887, RSI=0x000000060193e320, RDI=0x00000204fe2f9c60
R8 =0x000000060411f7d0, R9 =0x1fffffffffffffff, R10=0x0000000000002000, R11=0x0000000000000001
R12=0x000000e2ff4ffc20, R13=0x000002048f42aa40, R14=0x0000000000000040, R15=0x0000000000000000
RIP=0x00007ffe8a9b4539, EFLAGS=0x0000000000010246


Register to memory mapping:

RIP=0x00007ffe8a9b4539 jvm.dll
RAX=0x0 is NULL
RBX=0x000000060193e321 is pointing into object: java.lang.Class 
{0x000000060193e2d0} - klass: 'java/lang/Class'
 - ---- fields (total size 14 words):
 - private volatile transient 'classRedefinedCount' 'I' @12  0
 - private volatile transient 'cachedConstructor' 'Ljava/lang/reflect/Constructor;' @40  NULL (0)
 - private transient 'name' 'Ljava/lang/String;' @44  "org.hibernate.metamodel.model.domain.internal.EntityPersisterConcurrentMap"{0x000000060193e738} (c0327ce7)
 - private transient 'module' 'Ljava/lang/Module;' @48  a 'java/lang/Module'{0x0000000601764b48} (c02ec969)
 - private final 'classLoader' 'Ljava/lang/ClassLoader;' @52  a 'jdk/internal/loader/ClassLoaders$AppClassLoader'{0x000000060176a3e0} (c02ed47c)
 - private transient 'classData' 'Ljava/lang/Object;' @56  NULL (0)
 - private transient 'packageName' 'Ljava/lang/String;' @60  "org.hibernate.metamodel.model.domain.internal"{0x000000060191edf0} (c0323dbe)
 - private final 'componentType' 'Ljava/lang/Class;' @64  NULL (0)
 - private volatile transient 'reflectionData' 'Ljava/lang/ref/SoftReference;' @68  NULL (0)
 - private volatile transient 'genericInfo' 'Lsun/reflect/generics/repository/ClassRepository;' @72  NULL (0)
 - private volatile transient 'enumConstants' '[Ljava/lang/Object;' @76  NULL (0)
 - private volatile transient 'enumConstantDirectory' 'Ljava/util/Map;' @80  
[error occurred during error reporting (printing register info), id 0xc0000005, EXCEPTION_ACCESS_VIOLATION (0xc0000005) at pc=0x00007ffe8aa3e4de]

Top of Stack: (sp=0x000000e2ff4ff9c0)
0x000000e2ff4ff9c0:   0000000000000000 0000000003000001
0x000000e2ff4ff9d0:   0000000000000008 0000000000000001
0x000000e2ff4ff9e0:   00000204a7222bc0 0000000000000001
0x000000e2ff4ff9f0:   0000000000000040 000000e2ff4ffc20
0x000000e2ff4ffa00:   0000000601978400 00007ffe8a9b123e
0x000000e2ff4ffa10:   0000000601947200 00000204fe2f9c60
0x000000e2ff4ffa20:   000002048f42aa40 00000204a7222bc0
0x000000e2ff4ffa30:   0000000001fe8fd6 0000000000000000
0x000000e2ff4ffa40:   000000e2ff4ffc20 0000000601978400
0x000000e2ff4ffa50:   0000000601978620 00007ffe8a9bfa43
0x000000e2ff4ffa60:   0000000601978400 000000e2ff4ffa80
0x000000e2ff4ffa70:   000000e2ff4ffa90 000000e2ff4ffc20
0x000000e2ff4ffa80:   0000000601978400 0000000000000040
0x000000e2ff4ffa90:   00007ffe8afafea8 0000000000000000
0x000000e2ff4ffaa0:   000002048f424c10 00000204fe2f9c60
0x000000e2ff4ffab0:   00000204a7222c00 00007ffe8a9c185b 

Instructions: (pc=0x00007ffe8a9b4539)
0x00007ffe8a9b4439:   ff 48 8d 53 fe 48 8b cf e8 aa f6 ff ff e9 35 fd
0x00007ffe8a9b4449:   ff ff 0f 1f 44 00 00 48 8b 77 10 8b ae 80 00 00
0x00007ffe8a9b4459:   00 8b cd 8b 86 00 01 00 00 2b c8 81 e1 ff ff 01
0x00007ffe8a9b4469:   00 41 3b ce 0f 86 e9 02 00 00 ff cd 81 e5 ff ff
0x00007ffe8a9b4479:   01 00 89 ae 80 00 00 00 e8 4a 6e 36 00 90 8b d5
0x00007ffe8a9b4489:   8b 86 00 01 00 00 8b cd 48 8b 9e 80 01 00 00 2b
0x00007ffe8a9b4499:   c8 81 e1 ff ff 01 00 81 f9 ff ff 01 00 48 8b 1c
0x00007ffe8a9b44a9:   eb 41 0f 44 cf 85 c9 75 3d 90 89 6c 24 50 48 8b
0x00007ffe8a9b44b9:   86 00 01 00 00 48 8b c8 48 c1 e9 20 ff c1 89 4c
0x00007ffe8a9b44c9:   24 54 3b e8 0f 85 77 02 00 00 48 c1 e1 20 48 0b
0x00007ffe8a9b44d9:   ca f0 48 0f b1 8e 00 01 00 00 0f 85 61 02 00 00
0x00007ffe8a9b44e9:   8b 86 00 01 00 00 f6 c3 01 0f 84 2f 01 00 00 8b
0x00007ffe8a9b44f9:   0d ba cd 79 00 48 8d 73 ff 48 8b 47 08 44 8b 16
0x00007ffe8a9b4509:   49 d3 e2 4c 03 15 9d cd 79 00 8b 88 90 05 00 00
0x00007ffe8a9b4519:   49 8b d2 48 8b 80 80 05 00 00 48 d3 ea 0f b7 14
0x00007ffe8a9b4529:   50 0f b7 c2 66 c1 e8 08 84 c0 0f 88 17 ff ff ff
0x00007ffe8a9b4539:   4d 8b 02 41 0f b6 c0 24 03 3c 03 75 1e 44 38 3d
0x00007ffe8a9b4549:   94 4a 80 00 74 0f 41 0f b6 c0 24 07 3c 05 75 05
0x00007ffe8a9b4559:   4d 8b c7 eb 17 49 83 e0 fc eb 11 4d 8b c8 48 8b
0x00007ffe8a9b4569:   cf 4d 8b c2 e8 be f0 ff ff 4c 8b c0 8b 0d 3d cd
0x00007ffe8a9b4579:   79 00 49 8b d0 48 2b 15 2b cd 79 00 48 d3 ea 89
0x00007ffe8a9b4589:   16 48 8b d6 8b 0d dd 52 80 00 49 33 d0 48 d3 ea
0x00007ffe8a9b4599:   48 85 d2 0f 84 ae fe ff ff 48 8b 47 08 48 8b d6
0x00007ffe8a9b45a9:   8b 88 c0 01 00 00 48 8b 80 b0 01 00 00 48 d3 ea
0x00007ffe8a9b45b9:   48 8b 0c d0 8b 81 94 00 00 00 d1 e8 a8 01 0f 85
0x00007ffe8a9b45c9:   83 fe ff ff 48 8b 47 08 8b 88 90 05 00 00 48 8b
0x00007ffe8a9b45d9:   80 80 05 00 00 49 d3 e8 46 38 3c 40 0f 84 65 fe
0x00007ffe8a9b45e9:   ff ff 48 8b 47 60 48 c1 ee 09 48 8b 58 40 48 8b
0x00007ffe8a9b45f9:   48 38 48 03 de 48 2b d9 48 39 9f b0 01 00 00 0f
0x00007ffe8a9b4609:   84 42 fe ff ff 48 8d 14 19 48 8d 4f 18 e8 45 40
0x00007ffe8a9b4619:   00 00 48 89 9f b0 01 00 00 e9 29 fe ff ff f6 c3
0x00007ffe8a9b4629:   03 0f 85 09 01 00 00 48 8b 47 08 4c 8b 13 49 8b 


Stack slot to memory mapping:
stack at sp + 0 slots: 0x0 is NULL
stack at sp + 1 slots: 0x0000000003000001 is an unknown value
stack at sp + 2 slots: 0x0000000000000008 is an unknown value
stack at sp + 3 slots: 0x0000000000000001 is an unknown value
stack at sp + 4 slots: 0x00000204a7222bc0 points into unknown readable memory: 0xffffffffffffffff | ff ff ff ff ff ff ff ff
stack at sp + 5 slots: 0x0000000000000001 is an unknown value
stack at sp + 6 slots: 0x0000000000000040 is an unknown value
stack at sp + 7 slots: 0x000000e2ff4ffc20 points into unknown readable memory: 0x00007ffe8afb0098 | 98 00 fb 8a fe 7f 00 00


---------------  P R O C E S S  ---------------

Threads class SMR info:
_java_thread_list=0x00000204ff6ddfe0, length=20, elements={
0x000002048f4133d0, 0x00000204bb540120, 0x00000204bb541650, 0x00000204bb555cb0,
0x00000204bb557d30, 0x00000204bb55a4b0, 0x00000204bb559070, 0x00000204bb5608b0,
0x00000204bb561270, 0x00000204bb558b60, 0x00000204bb559fa0, 0x00000204bb55a9c0,
0x00000204fd235740, 0x00000204fe253860, 0x00000204bb55b3e0, 0x00000204bb55b8f0,
0x00000204bb55be00, 0x00000204ff8dc910, 0x00000204ff8df190, 0x00000204ff8e0ff0
}

Java Threads: ( => current thread )
  0x000002048f4133d0 JavaThread "main" [_thread_blocked, id=5288, stack(0x000000e2fda00000,0x000000e2fdb00000)]
  0x00000204bb540120 JavaThread "Reference Handler" daemon [_thread_blocked, id=20904, stack(0x000000e2fe100000,0x000000e2fe200000)]
  0x00000204bb541650 JavaThread "Finalizer" daemon [_thread_blocked, id=24024, stack(0x000000e2fe200000,0x000000e2fe300000)]
  0x00000204bb555cb0 JavaThread "Signal Dispatcher" daemon [_thread_blocked, id=9940, stack(0x000000e2fe300000,0x000000e2fe400000)]
  0x00000204bb557d30 JavaThread "Attach Listener" daemon [_thread_blocked, id=19744, stack(0x000000e2fe400000,0x000000e2fe500000)]
  0x00000204bb55a4b0 JavaThread "Service Thread" daemon [_thread_blocked, id=18112, stack(0x000000e2fe500000,0x000000e2fe600000)]
  0x00000204bb559070 JavaThread "Monitor Deflation Thread" daemon [_thread_blocked, id=18052, stack(0x000000e2fe600000,0x000000e2fe700000)]
  0x00000204bb5608b0 JavaThread "C2 CompilerThread0" daemon [_thread_blocked, id=5056, stack(0x000000e2fe700000,0x000000e2fe800000)]
  0x00000204bb561270 JavaThread "C1 CompilerThread0" daemon [_thread_blocked, id=3052, stack(0x000000e2fe800000,0x000000e2fe900000)]
  0x00000204bb558b60 JavaThread "Sweeper thread" daemon [_thread_blocked, id=4744, stack(0x000000e2fe900000,0x000000e2fea00000)]
  0x00000204bb559fa0 JavaThread "Notification Thread" daemon [_thread_blocked, id=21128, stack(0x000000e2fea00000,0x000000e2feb00000)]
  0x00000204bb55a9c0 JavaThread "Common-Cleaner" daemon [_thread_blocked, id=16304, stack(0x000000e2fec00000,0x000000e2fed00000)]
  0x00000204fd235740 JavaThread "C2 CompilerThread1" daemon [_thread_blocked, id=14772, stack(0x000000e2fed00000,0x000000e2fee00000)]
  0x00000204fe253860 JavaThread "C2 CompilerThread2" daemon [_thread_blocked, id=13484, stack(0x000000e2ff800000,0x000000e2ff900000)]
  0x00000204bb55b3e0 JavaThread "Catalina-utility-1" [_thread_blocked, id=5136, stack(0x000000e2ffa00000,0x000000e2ffb00000)]
  0x00000204bb55b8f0 JavaThread "Catalina-utility-2" [_thread_blocked, id=9868, stack(0x000000e2ffb00000,0x000000e2ffc00000)]
  0x00000204bb55be00 JavaThread "container-0" [_thread_blocked, id=19856, stack(0x000000e2ffc00000,0x000000e2ffd00000)]
  0x00000204ff8dc910 JavaThread "PostgreSQL-JDBC-Cleaner" daemon [_thread_blocked, id=3344, stack(0x000000e2ffe00000,0x000000e2fff00000)]
  0x00000204ff8df190 JavaThread "HikariPool-1 housekeeper" daemon [_thread_blocked, id=13764, stack(0x000000e2fff00000,0x000000e300000000)]
  0x00000204ff8e0ff0 JavaThread "HikariPool-1 connection adder" daemon [_thread_blocked, id=15572, stack(0x000000e280000000,0x000000e280100000)]

Other Threads:
  0x00000204bb53ae60 VMThread "VM Thread" [stack: 0x000000e2fe000000,0x000000e2fe100000] [id=12728]
  0x000002048f4d9880 WatcherThread [stack: 0x000000e2feb00000,0x000000e2fec00000] [id=23400]
  0x000002048f4c1390 GCTaskThread "GC Thread#0" [stack: 0x000000e2fdb00000,0x000000e2fdc00000] [id=14056]
  0x00000204fdedde20 GCTaskThread "GC Thread#1" [stack: 0x000000e2fee00000,0x000000e2fef00000] [id=7616]
  0x00000204fdedd8a0 GCTaskThread "GC Thread#2" [stack: 0x000000e2fef00000,0x000000e2ff000000] [id=21620]
  0x00000204fdeddb60 GCTaskThread "GC Thread#3" [stack: 0x000000e2ff000000,0x000000e2ff100000] [id=23856]
  0x00000204fdede0e0 GCTaskThread "GC Thread#4" [stack: 0x000000e2ff100000,0x000000e2ff200000] [id=21736]
  0x00000204fdede3a0 GCTaskThread "GC Thread#5" [stack: 0x000000e2ff200000,0x000000e2ff300000] [id=21160]
  0x00000204fdedd320 GCTaskThread "GC Thread#6" [stack: 0x000000e2ff300000,0x000000e2ff400000] [id=10320]
=>0x00000204fdede660 GCTaskThread "GC Thread#7" [stack: 0x000000e2ff400000,0x000000e2ff500000] [id=24244]
  0x00000204fdede920 GCTaskThread "GC Thread#8" [stack: 0x000000e2ff500000,0x000000e2ff600000] [id=21148]
  0x00000204fdedebe0 GCTaskThread "GC Thread#9" [stack: 0x000000e2ff600000,0x000000e2ff700000] [id=15128]
  0x000002048f4d38f0 ConcurrentGCThread "G1 Main Marker" [stack: 0x000000e2fdc00000,0x000000e2fdd00000] [id=23800]
  0x000002048f4d4210 ConcurrentGCThread "G1 Conc#0" [stack: 0x000000e2fdd00000,0x000000e2fde00000] [id=24316]
  0x00000204fe9ce250 ConcurrentGCThread "G1 Conc#1" [stack: 0x000000e2ff700000,0x000000e2ff800000] [id=21856]
  0x00000204fe9ce7d0 ConcurrentGCThread "G1 Conc#2" [stack: 0x000000e2ff900000,0x000000e2ffa00000] [id=19728]
  0x00000204bb474e00 ConcurrentGCThread "G1 Refine#0" [stack: 0x000000e2fde00000,0x000000e2fdf00000] [id=2696]
  0x00000204bb475740 ConcurrentGCThread "G1 Service" [stack: 0x000000e2fdf00000,0x000000e2fe000000] [id=12908]

Threads with active compile tasks:
C2 CompilerThread0     3377 4724       4       org.springframework.core.annotation.TypeMappedAnnotations::get (52 bytes)
C1 CompilerThread0     3377 4940       3       jdk.internal.org.objectweb.asm.Frame::execute (2305 bytes)
C2 CompilerThread1     3377 4725   !   4       org.springframework.core.annotation.AnnotationsScanner::processMethodHierarchy (276 bytes)
C2 CompilerThread2     3377 4772       4       org.springframework.core.annotation.TypeMappedAnnotations::from (27 bytes)

VM state: at safepoint (normal execution)

VM Mutex/Monitor currently owned by a thread:  ([mutex/lock_event])
[0x000002048f410a50] Threads_lock - owner thread: 0x00000204bb53ae60
[0x000002048f40f4f0] Heap_lock - owner thread: 0x000002048f4133d0

Heap address: 0x0000000601400000, size: 8172 MB, Compressed Oops mode: Zero based, Oop shift amount: 3

CDS archive(s) mapped at: [0x00000204bc000000-0x00000204bcbd0000-0x00000204bcbd0000), size 12386304, SharedBaseAddress: 0x00000204bc000000, ArchiveRelocationMode: 1.
Compressed class space mapped at: 0x00000204bd000000-0x00000204fd000000, reserved size: 1073741824
Narrow klass base: 0x00000204bc000000, Narrow klass shift: 0, Narrow klass range: 0x100000000

GC Precious Log:
 CPUs: 12 total, 12 available
 Memory: 32678M
 Large Page Support: Disabled
 NUMA Support: Disabled
 Compressed Oops: Enabled (Zero based)
 Heap Region Size: 4M
 Heap Min Capacity: 8M
 Heap Initial Capacity: 512M
 Heap Max Capacity: 8172M
 Pre-touch: Disabled
 Parallel Workers: 10
 Concurrent Workers: 3
 Concurrent Refinement Workers: 10
 Periodic GC: Disabled

Heap:
 garbage-first heap   total 98304K, used 68214K [0x0000000601400000, 0x0000000800000000)
  region size 4096K, 12 young (49152K), 1 survivors (4096K)
 Metaspace       used 59532K, committed 60096K, reserved 1114112K
  class space    used 8160K, committed 8384K, reserved 1048576K

Heap Regions: E=young(eden), S=young(survivor), O=old, HS=humongous(starts), HC=humongous(continues), CS=collection set, F=free, OA=open archive, CA=closed archive, TAMS=top-at-mark-start (previous, next)
|   0|0x0000000601400000, 0x0000000601800000, 0x0000000601800000|100%| O|  |TAMS 0x0000000601800000, 0x0000000601400000| Untracked 
|   1|0x0000000601800000, 0x0000000601c00000, 0x0000000601c00000|100%| O|  |TAMS 0x0000000601800000, 0x0000000601800000| Untracked 
|   2|0x0000000601c00000, 0x0000000602000000, 0x0000000602000000|100%| O|  |TAMS 0x0000000602000000, 0x0000000601c00000| Untracked 
|   3|0x0000000602000000, 0x0000000602400000, 0x0000000602400000|100%| O|  |TAMS 0x0000000602400000, 0x0000000602000000| Untracked 
|   4|0x0000000602400000, 0x0000000602800000, 0x0000000602800000|100%| O|  |TAMS 0x0000000602800000, 0x0000000602400000| Untracked 
|   5|0x0000000602800000, 0x0000000602800000, 0x0000000602c00000|  0%| F|  |TAMS 0x0000000602800000, 0x0000000602800000| Untracked 
|   6|0x0000000602c00000, 0x0000000602deb400, 0x0000000603000000| 47%| O|  |TAMS 0x0000000602c00000, 0x0000000602c00000| Untracked 
|   7|0x0000000603000000, 0x0000000603000000, 0x0000000603400000|  0%| F|  |TAMS 0x0000000603000000, 0x0000000603000000| Untracked 
|   8|0x0000000603400000, 0x0000000603400000, 0x0000000603800000|  0%| F|  |TAMS 0x0000000603400000, 0x0000000603400000| Untracked 
|   9|0x0000000603800000, 0x0000000603800000, 0x0000000603c00000|  0%| F|  |TAMS 0x0000000603800000, 0x0000000603800000| Untracked 
|  10|0x0000000603c00000, 0x0000000603c00000, 0x0000000604000000|  0%| F|  |TAMS 0x0000000603c00000, 0x0000000603c00000| Untracked 
|  11|0x0000000604000000, 0x00000006043447b0, 0x0000000604400000| 81%| S|  |TAMS 0x0000000604000000, 0x0000000604000000| Complete 
|  12|0x0000000604400000, 0x0000000604800000, 0x0000000604800000|100%| E|CS|TAMS 0x0000000604400000, 0x0000000604400000| Complete 
|  13|0x0000000604800000, 0x0000000604c00000, 0x0000000604c00000|100%| E|CS|TAMS 0x0000000604800000, 0x0000000604800000| Complete 
|  14|0x0000000604c00000, 0x0000000605000000, 0x0000000605000000|100%| E|CS|TAMS 0x0000000604c00000, 0x0000000604c00000| Complete 
|  15|0x0000000605000000, 0x0000000605400000, 0x0000000605400000|100%| E|CS|TAMS 0x0000000605000000, 0x0000000605000000| Complete 
|  16|0x0000000605400000, 0x0000000605800000, 0x0000000605800000|100%| E|CS|TAMS 0x0000000605400000, 0x0000000605400000| Complete 
|  17|0x0000000605800000, 0x0000000605c00000, 0x0000000605c00000|100%| E|CS|TAMS 0x0000000605800000, 0x0000000605800000| Complete 
|  18|0x0000000605c00000, 0x0000000606000000, 0x0000000606000000|100%| E|CS|TAMS 0x0000000605c00000, 0x0000000605c00000| Complete 
|  19|0x0000000606000000, 0x0000000606400000, 0x0000000606400000|100%| E|CS|TAMS 0x0000000606000000, 0x0000000606000000| Complete 
|  20|0x0000000606400000, 0x0000000606800000, 0x0000000606800000|100%| E|CS|TAMS 0x0000000606400000, 0x0000000606400000| Complete 
|  21|0x0000000606800000, 0x0000000606c00000, 0x0000000606c00000|100%| E|CS|TAMS 0x0000000606800000, 0x0000000606800000| Complete 
|  68|0x0000000612400000, 0x00000006124b2470, 0x0000000612800000| 17%| E|CS|TAMS 0x0000000612400000, 0x0000000612400000| Complete 
| 127|0x0000000621000000, 0x0000000621400000, 0x0000000621400000|100%| E|CS|TAMS 0x0000000621000000, 0x0000000621000000| Complete 

Card table byte_map: [0x00000204a7220000,0x00000204a8220000] _byte_map_base: 0x00000204a4216000

Marking Bits (Prev, Next): (CMBitMap*) 0x000002048f4c28d0, (CMBitMap*) 0x000002048f4c2910
 Prev Bits: [0x00000204a9220000, 0x00000204b11d0000)
 Next Bits: [0x00000204b11d0000, 0x00000204b9180000)

Polling page: 0x000002048d3f0000

Metaspace:

Usage:
  Non-class:     50.17 MB used.
      Class:      7.97 MB used.
       Both:     58.14 MB used.

Virtual space:
  Non-class space:       64.00 MB reserved,      50.50 MB ( 79%) committed,  1 nodes.
      Class space:        1.00 GB reserved,       8.19 MB ( <1%) committed,  1 nodes.
             Both:        1.06 GB reserved,      58.69 MB (  5%) committed. 

Chunk freelists:
   Non-Class:  12.81 MB
       Class:  7.84 MB
        Both:  20.65 MB

MaxMetaspaceSize: unlimited
CompressedClassSpaceSize: 1.00 GB
Initial GC threshold: 21.00 MB
Current GC threshold: 59.00 MB
CDS: on
MetaspaceReclaimPolicy: balanced
 - commit_granule_bytes: 65536.
 - commit_granule_words: 8192.
 - virtual_space_node_default_size: 8388608.
 - enlarge_chunks_in_place: 1.
 - new_chunks_are_fully_committed: 0.
 - uncommit_free_chunks: 1.
 - use_allocation_guard: 0.
 - handle_deallocations: 1.


Internal statistics:

num_allocs_failed_limit: 6.
num_arena_births: 724.
num_arena_deaths: 0.
num_vsnodes_births: 2.
num_vsnodes_deaths: 0.
num_space_committed: 939.
num_space_uncommitted: 0.
num_chunks_returned_to_freelist: 6.
num_chunks_taken_from_freelist: 2921.
num_chunk_merges: 6.
num_chunk_splits: 2116.
num_chunks_enlarged: 1671.
num_inconsistent_stats: 0.

CodeHeap 'non-profiled nmethods': size=120000Kb used=3005Kb max_used=3402Kb free=116994Kb
 bounds [0x000002049e7a0000, 0x000002049eb10000, 0x00000204a5cd0000]
CodeHeap 'profiled nmethods': size=120000Kb used=8162Kb max_used=9755Kb free=111837Kb
 bounds [0x0000020496cd0000, 0x0000020497660000, 0x000002049e200000]
CodeHeap 'non-nmethods': size=5760Kb used=1312Kb max_used=1372Kb free=4447Kb
 bounds [0x000002049e200000, 0x000002049e470000, 0x000002049e7a0000]
 total_blobs=4801 nmethods=4164 adapters=549
 compilation: enabled
              stopped_count=0, restarted_count=0
 full_count=0

Compilation events (20 events):
Event: 3.331 Thread 0x00000204fe253860 4735       4       org.springframework.core.annotation.MergedAnnotations::from (11 bytes)
Event: 3.335 Thread 0x00000204bb561270 4933       3       sun.reflect.annotation.AnnotationParser::skipMemberValue (11 bytes)
Event: 3.335 Thread 0x00000204bb561270 nmethod 4933 0x00000204971ec810 code [0x00000204971ec9c0, 0x00000204971ecbb8]
Event: 3.335 Thread 0x00000204bb561270 4934       3       sun.reflect.annotation.AnnotationParser::skipMemberValue (65 bytes)
Event: 3.335 Thread 0x00000204bb561270 nmethod 4934 0x0000020497044a10 code [0x0000020497044c40, 0x0000020497045358]
Event: 3.335 Thread 0x00000204bb561270 4935       3       jdk.internal.org.objectweb.asm.MethodWriter::visitJumpInsn (495 bytes)
Event: 3.336 Thread 0x00000204bb561270 nmethod 4935 0x00000204973b1c90 code [0x00000204973b1fc0, 0x00000204973b2f88]
Event: 3.336 Thread 0x00000204bb561270 4936       3       jdk.internal.org.objectweb.asm.Label::put (83 bytes)
Event: 3.336 Thread 0x00000204bb561270 nmethod 4936 0x00000204970d6010 code [0x00000204970d6220, 0x00000204970d6658]
Event: 3.337 Thread 0x00000204fe253860 nmethod 4735 0x000002049e8e7890 code [0x000002049e8e7a80, 0x000002049e8e7ff0]
Event: 3.337 Thread 0x00000204fe253860 4741       4       org.springframework.core.annotation.MergedAnnotations::from (41 bytes)
Event: 3.337 Thread 0x00000204bb561270 4937       3       sun.reflect.annotation.AnnotationParser::contains (36 bytes)
Event: 3.337 Thread 0x00000204bb561270 nmethod 4937 0x000002049728d710 code [0x000002049728d8c0, 0x000002049728dad8]
Event: 3.338 Thread 0x00000204bb561270 4938       1       jdk.internal.loader.AbstractClassLoaderValue$Sub::key (5 bytes)
Event: 3.338 Thread 0x00000204bb561270 nmethod 4938 0x000002049ea41010 code [0x000002049ea411a0, 0x000002049ea41278]
Event: 3.341 Thread 0x00000204bb561270 4939       3       org.springframework.core.annotation.AttributeMethods::isAttributeMethod (23 bytes)
Event: 3.341 Thread 0x00000204bb561270 nmethod 4939 0x00000204973d8f10 code [0x00000204973d90c0, 0x00000204973d92d8]
Event: 3.343 Thread 0x00000204bb561270 4940       3       jdk.internal.org.objectweb.asm.Frame::execute (2305 bytes)
Event: 3.344 Thread 0x00000204fe253860 nmethod 4741 0x000002049e8ee990 code [0x000002049e8eeb80, 0x000002049e8ef130]
Event: 3.344 Thread 0x00000204fe253860 4772       4       org.springframework.core.annotation.TypeMappedAnnotations::from (27 bytes)

GC Heap History (20 events):
Event: 0.382 GC heap after
{Heap after GC invocations=1 (full 0):
 garbage-first heap   total 524288K, used 7565K [0x0000000601400000, 0x0000000800000000)
  region size 4096K, 1 young (4096K), 1 survivors (4096K)
 Metaspace       used 5829K, committed 6080K, reserved 1114112K
  class space    used 705K, committed 832K, reserved 1048576K
}
Event: 0.596 GC heap before
{Heap before GC invocations=1 (full 0):
 garbage-first heap   total 524288K, used 28045K [0x0000000601400000, 0x0000000800000000)
  region size 4096K, 6 young (24576K), 1 survivors (4096K)
 Metaspace       used 11178K, committed 11456K, reserved 1114112K
  class space    used 1411K, committed 1536K, reserved 1048576K
}
Event: 0.599 GC heap after
{Heap after GC invocations=2 (full 0):
 garbage-first heap   total 524288K, used 8839K [0x0000000601400000, 0x0000000800000000)
  region size 4096K, 1 young (4096K), 1 survivors (4096K)
 Metaspace       used 11178K, committed 11456K, reserved 1114112K
  class space    used 1411K, committed 1536K, reserved 1048576K
}
Event: 0.994 GC heap before
{Heap before GC invocations=2 (full 0):
 garbage-first heap   total 524288K, used 53895K [0x0000000601400000, 0x0000000800000000)
  region size 4096K, 12 young (49152K), 1 survivors (4096K)
 Metaspace       used 19591K, committed 19968K, reserved 1114112K
  class space    used 2453K, committed 2624K, reserved 1048576K
}
Event: 0.997 GC heap after
{Heap after GC invocations=3 (full 0):
 garbage-first heap   total 524288K, used 13533K [0x0000000601400000, 0x0000000800000000)
  region size 4096K, 2 young (8192K), 2 survivors (8192K)
 Metaspace       used 19591K, committed 19968K, reserved 1114112K
  class space    used 2453K, committed 2624K, reserved 1048576K
}
Event: 1.136 GC heap before
{Heap before GC invocations=3 (full 0):
 garbage-first heap   total 524288K, used 25821K [0x0000000601400000, 0x0000000800000000)
  region size 4096K, 6 young (24576K), 2 survivors (8192K)
 Metaspace       used 21186K, committed 21504K, reserved 1114112K
  class space    used 2639K, committed 2816K, reserved 1048576K
}
Event: 1.138 GC heap after
{Heap after GC invocations=4 (full 0):
 garbage-first heap   total 524288K, used 14586K [0x0000000601400000, 0x0000000800000000)
  region size 4096K, 2 young (8192K), 2 survivors (8192K)
 Metaspace       used 21186K, committed 21504K, reserved 1114112K
  class space    used 2639K, committed 2816K, reserved 1048576K
}
Event: 1.540 GC heap before
{Heap before GC invocations=5 (full 0):
 garbage-first heap   total 69632K, used 47354K [0x0000000601400000, 0x0000000800000000)
  region size 4096K, 10 young (40960K), 2 survivors (8192K)
 Metaspace       used 26561K, committed 26944K, reserved 1114112K
  class space    used 3399K, committed 3584K, reserved 1048576K
}
Event: 1.546 GC heap after
{Heap after GC invocations=6 (full 0):
 garbage-first heap   total 69632K, used 16833K [0x0000000601400000, 0x0000000800000000)
  region size 4096K, 1 young (4096K), 1 survivors (4096K)
 Metaspace       used 26561K, committed 26944K, reserved 1114112K
  class space    used 3399K, committed 3584K, reserved 1048576K
}
Event: 1.604 GC heap before
{Heap before GC invocations=6 (full 0):
 garbage-first heap   total 69632K, used 20929K [0x0000000601400000, 0x0000000800000000)
  region size 4096K, 2 young (8192K), 1 survivors (4096K)
 Metaspace       used 27141K, committed 27584K, reserved 1114112K
  class space    used 3506K, committed 3712K, reserved 1048576K
}
Event: 1.608 GC heap after
{Heap after GC invocations=7 (full 0):
 garbage-first heap   total 69632K, used 17513K [0x0000000601400000, 0x0000000800000000)
  region size 4096K, 1 young (4096K), 1 survivors (4096K)
 Metaspace       used 27141K, committed 27584K, reserved 1114112K
  class space    used 3506K, committed 3712K, reserved 1048576K
}
Event: 1.933 GC heap before
{Heap before GC invocations=7 (full 0):
 garbage-first heap   total 69632K, used 37993K [0x0000000601400000, 0x0000000800000000)
  region size 4096K, 7 young (28672K), 1 survivors (4096K)
 Metaspace       used 32138K, committed 32576K, reserved 1114112K
  class space    used 4115K, committed 4352K, reserved 1048576K
}
Event: 1.936 GC heap after
{Heap after GC invocations=8 (full 0):
 garbage-first heap   total 299008K, used 19076K [0x0000000601400000, 0x0000000800000000)
  region size 4096K, 1 young (4096K), 1 survivors (4096K)
 Metaspace       used 32138K, committed 32576K, reserved 1114112K
  class space    used 4115K, committed 4352K, reserved 1048576K
}
Event: 2.107 GC heap before
{Heap before GC invocations=8 (full 0):
 garbage-first heap   total 299008K, used 31364K [0x0000000601400000, 0x0000000800000000)
  region size 4096K, 5 young (20480K), 1 survivors (4096K)
 Metaspace       used 35559K, committed 35968K, reserved 1114112K
  class space    used 4650K, committed 4864K, reserved 1048576K
}
Event: 2.110 GC heap after
{Heap after GC invocations=9 (full 0):
 garbage-first heap   total 299008K, used 19574K [0x0000000601400000, 0x0000000800000000)
  region size 4096K, 1 young (4096K), 1 survivors (4096K)
 Metaspace       used 35559K, committed 35968K, reserved 1114112K
  class space    used 4650K, committed 4864K, reserved 1048576K
}
Event: 2.825 GC heap before
{Heap before GC invocations=10 (full 0):
 garbage-first heap   total 98304K, used 72822K [0x0000000601400000, 0x0000000800000000)
  region size 4096K, 14 young (57344K), 1 survivors (4096K)
 Metaspace       used 49920K, committed 50368K, reserved 1114112K
  class space    used 6716K, committed 6912K, reserved 1048576K
}
Event: 2.828 GC heap after
{Heap after GC invocations=11 (full 0):
 garbage-first heap   total 98304K, used 22773K [0x0000000601400000, 0x0000000800000000)
  region size 4096K, 2 young (8192K), 2 survivors (8192K)
 Metaspace       used 49920K, committed 50368K, reserved 1114112K
  class space    used 6716K, committed 6912K, reserved 1048576K
}
Event: 2.869 GC heap before
{Heap before GC invocations=11 (full 0):
 garbage-first heap   total 98304K, used 26869K [0x0000000601400000, 0x0000000800000000)
  region size 4096K, 3 young (12288K), 2 survivors (8192K)
 Metaspace       used 50652K, committed 51136K, reserved 1114112K
  class space    used 6881K, committed 7104K, reserved 1048576K
}
Event: 2.873 GC heap after
{Heap after GC invocations=12 (full 0):
 garbage-first heap   total 98304K, used 23158K [0x0000000601400000, 0x0000000800000000)
  region size 4096K, 1 young (4096K), 1 survivors (4096K)
 Metaspace       used 50652K, committed 51136K, reserved 1114112K
  class space    used 6881K, committed 7104K, reserved 1048576K
}
Event: 3.345 GC heap before
{Heap before GC invocations=12 (full 0):
 garbage-first heap   total 98304K, used 68214K [0x0000000601400000, 0x0000000800000000)
  region size 4096K, 12 young (49152K), 1 survivors (4096K)
 Metaspace       used 59532K, committed 60096K, reserved 1114112K
  class space    used 8160K, committed 8384K, reserved 1048576K
}

Deoptimization events (20 events):
Event: 3.136 Thread 0x000002048f4133d0 DEOPT PACKING pc=0x000002049e91a7c0 sp=0x000000e2fdafb830
Event: 3.136 Thread 0x000002048f4133d0 DEOPT UNPACKING pc=0x000002049e2523a3 sp=0x000000e2fdafb710 mode 2
Event: 3.187 Thread 0x000002048f4133d0 DEOPT PACKING pc=0x000002049750af68 sp=0x000000e2fdafb2b0
Event: 3.187 Thread 0x000002048f4133d0 DEOPT UNPACKING pc=0x000002049e252b43 sp=0x000000e2fdafa740 mode 0
Event: 3.228 Thread 0x000002048f4133d0 Uncommon trap: trap_request=0xffffff45 fr.pc=0x000002049ea34c5c relative=0x000000000000161c
Event: 3.228 Thread 0x000002048f4133d0 Uncommon trap: reason=unstable_if action=reinterpret pc=0x000002049ea34c5c method=java.util.concurrent.ConcurrentHashMap.computeIfAbsent(Ljava/lang/Object;Ljava/util/function/Function;)Ljava/lang/Object; @ 123 c2
Event: 3.228 Thread 0x000002048f4133d0 DEOPT PACKING pc=0x000002049ea34c5c sp=0x000000e2fdafd080
Event: 3.228 Thread 0x000002048f4133d0 DEOPT UNPACKING pc=0x000002049e2523a3 sp=0x000000e2fdafd010 mode 2
Event: 3.234 Thread 0x000002048f4133d0 Uncommon trap: trap_request=0xffffff45 fr.pc=0x000002049e8dc65c relative=0x0000000000000edc
Event: 3.234 Thread 0x000002048f4133d0 Uncommon trap: reason=unstable_if action=reinterpret pc=0x000002049e8dc65c method=java.util.HashMap.putVal(ILjava/lang/Object;Ljava/lang/Object;ZZ)Ljava/lang/Object; @ 206 c2
Event: 3.234 Thread 0x000002048f4133d0 DEOPT PACKING pc=0x000002049e8dc65c sp=0x000000e2fdafd460
Event: 3.234 Thread 0x000002048f4133d0 DEOPT UNPACKING pc=0x000002049e2523a3 sp=0x000000e2fdafd388 mode 2
Event: 3.234 Thread 0x000002048f4133d0 Uncommon trap: trap_request=0xffffff45 fr.pc=0x000002049e8d9f58 relative=0x0000000000000ef8
Event: 3.234 Thread 0x000002048f4133d0 Uncommon trap: reason=unstable_if action=reinterpret pc=0x000002049e8d9f58 method=java.util.HashMap.putVal(ILjava/lang/Object;Ljava/lang/Object;ZZ)Ljava/lang/Object; @ 206 c2
Event: 3.234 Thread 0x000002048f4133d0 DEOPT PACKING pc=0x000002049e8d9f58 sp=0x000000e2fdafd3b0
Event: 3.234 Thread 0x000002048f4133d0 DEOPT UNPACKING pc=0x000002049e2523a3 sp=0x000000e2fdafd378 mode 2
Event: 3.342 Thread 0x000002048f4133d0 Uncommon trap: trap_request=0xffffff45 fr.pc=0x000002049e9d2d7c relative=0x000000000000581c
Event: 3.342 Thread 0x000002048f4133d0 Uncommon trap: reason=unstable_if action=reinterpret pc=0x000002049e9d2d7c method=jdk.internal.org.objectweb.asm.Type.getArgumentsAndReturnSizes(Ljava/lang/String;)I @ 123 c2
Event: 3.342 Thread 0x000002048f4133d0 DEOPT PACKING pc=0x000002049e9d2d7c sp=0x000000e2fdaf7040
Event: 3.342 Thread 0x000002048f4133d0 DEOPT UNPACKING pc=0x000002049e2523a3 sp=0x000000e2fdaf6ef8 mode 2

Classes unloaded (0 events):
No events

Classes redefined (0 events):
No events

Internal exceptions (20 events):
Event: 2.971 Thread 0x000002048f4133d0 Exception <a 'java/lang/NoSuchMethodError'{0x000000060647ebc8}: 'void java.lang.invoke.DirectMethodHandle$Holder.invokeSpecial(java.lang.Object, java.lang.Object, int, java.lang.Object)'> (0x000000060647ebc8) 
thrown [s\open\src\hotspot\share\interpreter\linkResolver.cpp, line 759]
Event: 2.972 Thread 0x000002048f4133d0 Exception <a 'java/lang/NoSuchMethodError'{0x0000000606485ad0}: 'java.lang.Object java.lang.invoke.DirectMethodHandle$Holder.newInvokeSpecial(java.lang.Object, java.lang.Object, int)'> (0x0000000606485ad0) 
thrown [s\open\src\hotspot\share\interpreter\linkResolver.cpp, line 759]
Event: 2.987 Thread 0x000002048f4133d0 Exception <a 'java/lang/NoSuchMethodError'{0x00000006065e4cd0}: 'int java.lang.invoke.DirectMethodHandle$Holder.invokeStatic(java.lang.Object, int, java.lang.Object)'> (0x00000006065e4cd0) 
thrown [s\open\src\hotspot\share\interpreter\linkResolver.cpp, line 759]
Event: 2.988 Thread 0x000002048f4133d0 Exception <a 'java/lang/NoSuchMethodError'{0x0000000606604f98}: 'java.lang.Object java.lang.invoke.DirectMethodHandle$Holder.newInvokeSpecial(java.lang.Object, java.lang.Object, java.lang.Object, java.lang.Object, java.lang.Object, int, java.lang.Object)'> (0x0000000606604f98) 
thrown [s\open\src\hotspot\share\interpreter\linkResolver.cpp, line 759]
Event: 2.990 Thread 0x000002048f4133d0 Exception <a 'java/lang/NoSuchMethodError'{0x000000060663c868}: 'java.lang.Object java.lang.invoke.DirectMethodHandle$Holder.newInvokeSpecial(java.lang.Object, java.lang.Object, java.lang.Object, java.lang.Object, java.lang.Object, java.lang.Object, java.lang.Object, java.lang.Object, java.lang.Object, java.lang.Object, java.lang.Object, java.lang.Object)'> (0x000000060663c868) 
thrown [s\open\src\hotspot\share\interpreter\linkResolver.cpp, line 759]
Event: 2.990 Thread 0x000002048f4133d0 Exception <a 'java/lang/NoSuchMethodError'{0x0000000606641300}: 'java.lang.Object java.lang.invoke.DirectMethodHandle$Holder.invokeSpecial(java.lang.Object, java.lang.Object, java.lang.Object, java.lang.Object, java.lang.Object, java.lang.Object, java.lang.Object, java.lang.Object, java.lang.Object, java.lang.Object, java.lang.Object, java.lang.Object, java.lang.Object)'> (0x0000000606641300) 
thrown [s\open\src\hotspot\share\interpreter\linkResolver.cpp, line 759]
Event: 2.990 Thread 0x000002048f4133d0 Exception <a 'java/lang/NoSuchMethodError'{0x0000000606645a18}: 'java.lang.Object java.lang.invoke.Invokers$Holder.linkToTargetMethod(java.lang.Object, java.lang.Object, java.lang.Object, java.lang.Object, java.lang.Object, java.lang.Object, java.lang.Object, java.lang.Object, java.lang.Object, java.lang.Object, java.lang.Object, java.lang.Object)'> (0x0000000606645a18) 
thrown [s\open\src\hotspot\share\interpreter\linkResolver.cpp, line 759]
Event: 3.007 Thread 0x000002048f4133d0 Exception <a 'java/lang/IncompatibleClassChangeError'{0x00000006067cb6e8}: Found class java.lang.Object, but interface was expected> (0x00000006067cb6e8) 
thrown [s\open\src\hotspot\share\interpreter\linkResolver.cpp, line 826]
Event: 3.013 Thread 0x000002048f4133d0 Exception <a 'java/lang/NoSuchMethodError'{0x000000060604bb30}: 'java.lang.Object java.lang.invoke.DirectMethodHandle$Holder.newInvokeSpecial(java.lang.Object, java.lang.Object, java.lang.Object, java.lang.Object, java.lang.Object, java.lang.Object, java.lang.Object, int)'> (0x000000060604bb30) 
thrown [s\open\src\hotspot\share\interpreter\linkResolver.cpp, line 759]
Event: 3.013 Thread 0x000002048f4133d0 Exception <a 'java/lang/NoSuchMethodError'{0x0000000606050b28}: 'java.lang.Object java.lang.invoke.DirectMethodHandle$Holder.invokeSpecial(java.lang.Object, java.lang.Object, java.lang.Object, java.lang.Object, java.lang.Object, java.lang.Object, java.lang.Object, java.lang.Object, int)'> (0x0000000606050b28) 
thrown [s\open\src\hotspot\share\interpreter\linkResolver.cpp, line 759]
Event: 3.013 Thread 0x000002048f4133d0 Exception <a 'java/lang/NoSuchMethodError'{0x00000006060555f0}: 'java.lang.Object java.lang.invoke.Invokers$Holder.linkToTargetMethod(java.lang.Object, java.lang.Object, java.lang.Object, java.lang.Object, java.lang.Object, java.lang.Object, int, java.lang.Object)'> (0x00000006060555f0) 
thrown [s\open\src\hotspot\share\interpreter\linkResolver.cpp, line 759]
Event: 3.023 Thread 0x000002048f4133d0 Exception <a 'java/lang/NoSuchMethodError'{0x00000006061225d8}: 'void java.lang.invoke.DirectMethodHandle$Holder.invokeInterface(java.lang.Object, java.lang.Object)'> (0x00000006061225d8) 
thrown [s\open\src\hotspot\share\interpreter\linkResolver.cpp, line 759]
Event: 3.144 Thread 0x000002048f4133d0 Exception <a 'java/lang/IncompatibleClassChangeError'{0x0000000605bd3b98}: Found class java.lang.Object, but interface was expected> (0x0000000605bd3b98) 
thrown [s\open\src\hotspot\share\interpreter\linkResolver.cpp, line 826]
Event: 3.161 Thread 0x000002048f4133d0 Exception <a 'java/lang/IncompatibleClassChangeError'{0x0000000605568a38}: Found class java.lang.Object, but interface was expected> (0x0000000605568a38) 
thrown [s\open\src\hotspot\share\interpreter\linkResolver.cpp, line 826]
Event: 3.228 Thread 0x000002048f4133d0 Exception <a 'java/lang/IncompatibleClassChangeError'{0x00000006053a1658}: Found class java.lang.Object, but interface was expected> (0x00000006053a1658) 
thrown [s\open\src\hotspot\share\interpreter\linkResolver.cpp, line 826]
Event: 3.254 Thread 0x000002048f4133d0 Exception <a 'java/lang/reflect/InvocationTargetException'{0x0000000604df1bc8}> (0x0000000604df1bc8) 
thrown [s\open\src\hotspot\share\runtime\reflection.cpp, line 1121]
Event: 3.259 Thread 0x000002048f4133d0 Exception <a 'java/lang/NoSuchMethodError'{0x0000000604e53710}: 'int java.lang.invoke.DirectMethodHandle$Holder.invokeStatic(java.lang.Object, java.lang.Object, int)'> (0x0000000604e53710) 
thrown [s\open\src\hotspot\share\interpreter\linkResolver.cpp, line 759]
Event: 3.262 Thread 0x000002048f4133d0 Exception <a 'java/lang/IncompatibleClassChangeError'{0x0000000604e93168}: Found class java.lang.Object, but interface was expected> (0x0000000604e93168) 
thrown [s\open\src\hotspot\share\interpreter\linkResolver.cpp, line 826]
Event: 3.262 Thread 0x000002048f4133d0 Exception <a 'java/lang/IncompatibleClassChangeError'{0x0000000604e998b8}: Found class java.lang.Object, but interface was expected> (0x0000000604e998b8) 
thrown [s\open\src\hotspot\share\interpreter\linkResolver.cpp, line 826]
Event: 3.288 Thread 0x000002048f4133d0 Exception <a 'java/lang/NoSuchMethodError'{0x000000060484f5f0}: 'java.lang.Object java.lang.invoke.DirectMethodHandle$Holder.invokeStatic(java.lang.Object, int, java.lang.Object)'> (0x000000060484f5f0) 
thrown [s\open\src\hotspot\share\interpreter\linkResolver.cpp, line 759]

VM Operations (20 events):
Event: 2.462 Executing VM operation: ICBufferFull done
Event: 2.825 Executing VM operation: G1CollectForAllocation
Event: 2.828 Executing VM operation: G1CollectForAllocation done
Event: 2.836 Executing VM operation: HandshakeAllThreads
Event: 2.836 Executing VM operation: HandshakeAllThreads done
Event: 2.869 Executing VM operation: G1CollectForAllocation
Event: 2.873 Executing VM operation: G1CollectForAllocation done
Event: 2.914 Executing VM operation: HandshakeAllThreads
Event: 2.914 Executing VM operation: HandshakeAllThreads done
Event: 2.922 Executing VM operation: HandshakeAllThreads
Event: 2.922 Executing VM operation: HandshakeAllThreads done
Event: 2.927 Executing VM operation: HandshakeAllThreads
Event: 2.928 Executing VM operation: HandshakeAllThreads done
Event: 3.081 Executing VM operation: ICBufferFull
Event: 3.081 Executing VM operation: ICBufferFull done
Event: 3.235 Executing VM operation: HandshakeAllThreads
Event: 3.235 Executing VM operation: HandshakeAllThreads done
Event: 3.236 Executing VM operation: HandshakeAllThreads
Event: 3.236 Executing VM operation: HandshakeAllThreads done
Event: 3.345 Executing VM operation: G1CollectForAllocation

Events (20 events):
Event: 3.233 loading class java/lang/Package$1PackageInfoProxy
Event: 3.233 loading class java/lang/Package$1PackageInfoProxy done
Event: 3.242 loading class java/util/stream/ReduceOps$5
Event: 3.242 loading class java/util/stream/ReduceOps$5 done
Event: 3.242 loading class java/util/stream/ReduceOps$CountingSink$OfRef
Event: 3.242 loading class java/util/stream/ReduceOps$CountingSink$OfRef done
Event: 3.278 loading class java/util/regex/Pattern$Bound
Event: 3.278 loading class java/util/regex/Pattern$Bound done
Event: 3.278 loading class java/util/regex/Pattern$SliceI
Event: 3.278 loading class java/util/regex/Pattern$SliceI done
Event: 3.279 loading class java/util/regex/Pattern$LookBehindEndNode
Event: 3.279 loading class java/util/regex/Pattern$LookBehindEndNode done
Event: 3.279 loading class java/util/regex/Pattern$NotBehind
Event: 3.279 loading class java/util/regex/Pattern$NotBehind done
Event: 3.279 loading class java/util/regex/Pattern$Behind
Event: 3.279 loading class java/util/regex/Pattern$Behind done
Event: 3.332 loading class java/util/Collections$SynchronizedRandomAccessList
Event: 3.332 loading class java/util/Collections$SynchronizedList
Event: 3.332 loading class java/util/Collections$SynchronizedList done
Event: 3.332 loading class java/util/Collections$SynchronizedRandomAccessList done


Dynamic libraries:
0x00007ff75ce70000 - 0x00007ff75ce80000 	C:\Desenvolvimento\tools\jdk-17.0.11\bin\javaw.exe
0x00007fff34bb0000 - 0x00007fff34da8000 	C:\WINDOWS\SYSTEM32\ntdll.dll
0x00007fff33ad0000 - 0x00007fff33b92000 	C:\WINDOWS\System32\KERNEL32.DLL
0x00007fff32490000 - 0x00007fff32786000 	C:\WINDOWS\System32\KERNELBASE.dll
0x00007fff328b0000 - 0x00007fff329b0000 	C:\WINDOWS\System32\ucrtbase.dll
0x00007fff1cc90000 - 0x00007fff1ccab000 	C:\Desenvolvimento\tools\jdk-17.0.11\bin\VCRUNTIME140.dll
0x00007fff1cc70000 - 0x00007fff1cc89000 	C:\Desenvolvimento\tools\jdk-17.0.11\bin\jli.dll
0x00007fff32c50000 - 0x00007fff32cff000 	C:\WINDOWS\System32\ADVAPI32.dll
0x00007fff32e40000 - 0x00007fff32ede000 	C:\WINDOWS\System32\msvcrt.dll
0x00007fff34030000 - 0x00007fff340cf000 	C:\WINDOWS\System32\sechost.dll
0x00007fff34870000 - 0x00007fff34993000 	C:\WINDOWS\System32\RPCRT4.dll
0x00007fff32210000 - 0x00007fff32237000 	C:\WINDOWS\System32\bcrypt.dll
0x00007fff349a0000 - 0x00007fff34b3d000 	C:\WINDOWS\System32\USER32.dll
0x00007fff1e750000 - 0x00007fff1e9ea000 	C:\WINDOWS\WinSxS\amd64_microsoft.windows.common-controls_6595b64144ccf1df_6.0.19041.4355_none_60b8b9eb71f62e16\COMCTL32.dll
0x00007fff323e0000 - 0x00007fff32402000 	C:\WINDOWS\System32\win32u.dll
0x00007fff340d0000 - 0x00007fff340fb000 	C:\WINDOWS\System32\GDI32.dll
0x00007fff32790000 - 0x00007fff328aa000 	C:\WINDOWS\System32\gdi32full.dll
0x00007fff32340000 - 0x00007fff323dd000 	C:\WINDOWS\System32\msvcp_win.dll
0x00007fff29ea0000 - 0x00007fff29eaa000 	C:\WINDOWS\SYSTEM32\VERSION.dll
0x00007fff330a0000 - 0x00007fff330cf000 	C:\WINDOWS\System32\IMM32.DLL
0x00007fff1cc60000 - 0x00007fff1cc6c000 	C:\Desenvolvimento\tools\jdk-17.0.11\bin\vcruntime140_1.dll
0x00007fff1cb90000 - 0x00007fff1cc1e000 	C:\Desenvolvimento\tools\jdk-17.0.11\bin\msvcp140.dll
0x00007ffe8a6b0000 - 0x00007ffe8b290000 	C:\Desenvolvimento\tools\jdk-17.0.11\bin\server\jvm.dll
0x00007fff33030000 - 0x00007fff33038000 	C:\WINDOWS\System32\PSAPI.DLL
0x00007fff22f80000 - 0x00007fff22fa7000 	C:\WINDOWS\SYSTEM32\WINMM.dll
0x00007fff180e0000 - 0x00007fff180e9000 	C:\WINDOWS\SYSTEM32\WSOCK32.dll
0x00007fff33930000 - 0x00007fff3399b000 	C:\WINDOWS\System32\WS2_32.dll
0x00007fff30070000 - 0x00007fff30082000 	C:\WINDOWS\SYSTEM32\kernel.appcore.dll
0x00007fff1cc50000 - 0x00007fff1cc5a000 	C:\Desenvolvimento\tools\jdk-17.0.11\bin\jimage.dll
0x00007fff2b2f0000 - 0x00007fff2b4d4000 	C:\WINDOWS\SYSTEM32\DBGHELP.DLL
0x00007fff08440000 - 0x00007fff08474000 	C:\WINDOWS\SYSTEM32\dbgcore.DLL
0x00007fff32b10000 - 0x00007fff32b92000 	C:\WINDOWS\System32\bcryptPrimitives.dll
0x00007ffe927d0000 - 0x00007ffe927f5000 	C:\Desenvolvimento\tools\jdk-17.0.11\bin\java.dll
0x00007ffe926f0000 - 0x00007ffe927c7000 	C:\Desenvolvimento\tools\jdk-17.0.11\bin\jsvml.dll
0x00007fff34100000 - 0x00007fff3486f000 	C:\WINDOWS\System32\SHELL32.dll
0x00007fff30270000 - 0x00007fff30a13000 	C:\WINDOWS\SYSTEM32\windows.storage.dll
0x00007fff335d0000 - 0x00007fff33925000 	C:\WINDOWS\System32\combase.dll
0x00007fff31a90000 - 0x00007fff31abb000 	C:\WINDOWS\SYSTEM32\Wldp.dll
0x00007fff339a0000 - 0x00007fff33a6d000 	C:\WINDOWS\System32\OLEAUT32.dll
0x00007fff32ba0000 - 0x00007fff32c4d000 	C:\WINDOWS\System32\SHCORE.dll
0x00007fff33a70000 - 0x00007fff33ac5000 	C:\WINDOWS\System32\shlwapi.dll
0x00007fff32140000 - 0x00007fff32165000 	C:\WINDOWS\SYSTEM32\profapi.dll
0x00007ffe926d0000 - 0x00007ffe926e9000 	C:\Desenvolvimento\tools\jdk-17.0.11\bin\net.dll
0x00007fff2be00000 - 0x00007fff2bf0a000 	C:\WINDOWS\SYSTEM32\WINHTTP.dll
0x00007fff31870000 - 0x00007fff318dc000 	C:\WINDOWS\system32\mswsock.dll
0x00007ffe926b0000 - 0x00007ffe926c6000 	C:\Desenvolvimento\tools\jdk-17.0.11\bin\nio.dll
0x00007ffe94850000 - 0x00007ffe94868000 	C:\Desenvolvimento\tools\jdk-17.0.11\bin\zip.dll
0x00007ffeca540000 - 0x00007ffeca54e000 	C:\Desenvolvimento\tools\jdk-17.0.11\bin\sunmscapi.dll
0x00007fff329b0000 - 0x00007fff32b0d000 	C:\WINDOWS\System32\CRYPT32.dll
0x00007fff31b00000 - 0x00007fff31b27000 	C:\WINDOWS\SYSTEM32\ncrypt.dll
0x00007fff31ac0000 - 0x00007fff31afb000 	C:\WINDOWS\SYSTEM32\NTASN1.dll
0x00007fff31de0000 - 0x00007fff31df8000 	C:\WINDOWS\SYSTEM32\CRYPTSP.dll
0x00007fff311b0000 - 0x00007fff311e8000 	C:\WINDOWS\system32\rsaenh.dll
0x00007fff32100000 - 0x00007fff3212e000 	C:\WINDOWS\SYSTEM32\USERENV.dll
0x00007fff31a00000 - 0x00007fff31a0c000 	C:\WINDOWS\SYSTEM32\CRYPTBASE.dll
0x00007fff31570000 - 0x00007fff315ab000 	C:\WINDOWS\SYSTEM32\IPHLPAPI.DLL
0x00007fff33d50000 - 0x00007fff33d58000 	C:\WINDOWS\System32\NSI.dll
0x00007fff2c2c0000 - 0x00007fff2c2d7000 	C:\WINDOWS\SYSTEM32\dhcpcsvc6.DLL
0x00007fff2c560000 - 0x00007fff2c57d000 	C:\WINDOWS\SYSTEM32\dhcpcsvc.DLL
0x00007fff315b0000 - 0x00007fff3167a000 	C:\WINDOWS\SYSTEM32\DNSAPI.dll
0x00007ffeca510000 - 0x00007ffeca51a000 	C:\Desenvolvimento\tools\jdk-17.0.11\bin\management.dll
0x00007ffeba900000 - 0x00007ffeba90b000 	C:\Desenvolvimento\tools\jdk-17.0.11\bin\management_ext.dll
0x00007ffeedb50000 - 0x00007ffeedb60000 	C:\Desenvolvimento\tools\jdk-17.0.11\bin\verify.dll
0x00007fff2ad70000 - 0x00007fff2ad7a000 	C:\Windows\System32\rasadhlp.dll
0x00007fff2aa20000 - 0x00007fff2aaa0000 	C:\WINDOWS\System32\fwpuclnt.dll

dbghelp: loaded successfully - version: 4.0.5 - missing functions: none
symbol engine: initialized successfully - sym options: 0x614 - pdb path: .;C:\Desenvolvimento\tools\jdk-17.0.11\bin;C:\WINDOWS\SYSTEM32;C:\WINDOWS\WinSxS\amd64_microsoft.windows.common-controls_6595b64144ccf1df_6.0.19041.4355_none_60b8b9eb71f62e16;C:\Desenvolvimento\tools\jdk-17.0.11\bin\server

VM Arguments:
jvm_args: -Dfile.encoding=UTF-8 -Dstdout.encoding=UTF-8 -Dstderr.encoding=UTF-8 -XX:+ShowCodeDetailsInExceptionMessages 
java_command: br.com.fiap.soat8.grupo14.hackathon.authservice.AuthServiceApplication
java_class_path (initial): C:\Aprendizagem\PosTech\workspace\authservice2\target\classes;C:\Users\Rinaldo\.m2\repository\org\springframework\boot\spring-boot-starter-data-jpa\3.4.4\spring-boot-starter-data-jpa-3.4.4.jar;C:\Users\Rinaldo\.m2\repository\org\springframework\boot\spring-boot-starter\3.4.4\spring-boot-starter-3.4.4.jar;C:\Users\Rinaldo\.m2\repository\org\springframework\boot\spring-boot\3.4.4\spring-boot-3.4.4.jar;C:\Users\Rinaldo\.m2\repository\org\springframework\boot\spring-boot-autoconfigure\3.4.4\spring-boot-autoconfigure-3.4.4.jar;C:\Users\Rinaldo\.m2\repository\org\springframework\boot\spring-boot-starter-logging\3.4.4\spring-boot-starter-logging-3.4.4.jar;C:\Users\Rinaldo\.m2\repository\ch\qos\logback\logback-classic\1.5.18\logback-classic-1.5.18.jar;C:\Users\Rinaldo\.m2\repository\ch\qos\logback\logback-core\1.5.18\logback-core-1.5.18.jar;C:\Users\Rinaldo\.m2\repository\org\apache\logging\log4j\log4j-to-slf4j\2.24.3\log4j-to-slf4j-2.24.3.jar;C:\Users\Rinaldo\.m2\repository\org\apache\logging\log4j\log4j-api\2.24.3\log4j-api-2.24.3.jar;C:\Users\Rinaldo\.m2\repository\org\slf4j\jul-to-slf4j\2.0.17\jul-to-slf4j-2.0.17.jar;C:\Users\Rinaldo\.m2\repository\jakarta\annotation\jakarta.annotation-api\2.1.1\jakarta.annotation-api-2.1.1.jar;C:\Users\Rinaldo\.m2\repository\org\yaml\snakeyaml\2.3\snakeyaml-2.3.jar;C:\Users\Rinaldo\.m2\repository\org\springframework\boot\spring-boot-starter-jdbc\3.4.4\spring-boot-starter-jdbc-3.4.4.jar;C:\Users\Rinaldo\.m2\repository\com\zaxxer\HikariCP\5.1.0\HikariCP-5.1.0.jar;C:\Users\Rinaldo\.m2\repository\org\springframework\spring-jdbc\6.2.5\spring-jdbc-6.2.5.jar;C:\Users\Rinaldo\.m2\repository\org\hibernate\orm\hibernate-core\6.6.11.Final\hibernate-core-6.6.11.Final.jar;C:\Users\Rinaldo\.m2\repository\jakarta\persistence\jakarta.persistence-api\3.1.0\jakarta.persistence-api-3.1.0.jar;C:\Users\Rinaldo\.m2\repository\jakarta\transaction\jakarta.transaction-api\2.0.1\jakarta.transaction-api-2.0.1.jar;C:\Users\Rinaldo\.m2
Launcher Type: SUN_STANDARD

[Global flags]
     intx CICompilerCount                          = 4                                         {product} {ergonomic}
     uint ConcGCThreads                            = 3                                         {product} {ergonomic}
     uint G1ConcRefinementThreads                  = 10                                        {product} {ergonomic}
   size_t G1HeapRegionSize                         = 4194304                                   {product} {ergonomic}
    uintx GCDrainStackTargetSize                   = 64                                        {product} {ergonomic}
   size_t InitialHeapSize                          = 536870912                                 {product} {ergonomic}
   size_t MarkStackSize                            = 4194304                                   {product} {ergonomic}
   size_t MaxHeapSize                              = 8568963072                                {product} {ergonomic}
   size_t MaxNewSize                               = 5138022400                                {product} {ergonomic}
   size_t MinHeapDeltaBytes                        = 4194304                                   {product} {ergonomic}
   size_t MinHeapSize                              = 8388608                                   {product} {ergonomic}
    uintx NonNMethodCodeHeapSize                   = 5839372                                {pd product} {ergonomic}
    uintx NonProfiledCodeHeapSize                  = 122909434                              {pd product} {ergonomic}
    uintx ProfiledCodeHeapSize                     = 122909434                              {pd product} {ergonomic}
    uintx ReservedCodeCacheSize                    = 251658240                              {pd product} {ergonomic}
     bool SegmentedCodeCache                       = true                                      {product} {ergonomic}
     bool ShowCodeDetailsInExceptionMessages       = true                                   {manageable} {command line}
   size_t SoftMaxHeapSize                          = 8568963072                             {manageable} {ergonomic}
     bool UseCompressedClassPointers               = true                           {product lp64_product} {ergonomic}
     bool UseCompressedOops                        = true                           {product lp64_product} {ergonomic}
     bool UseG1GC                                  = true                                      {product} {ergonomic}
     bool UseLargePagesIndividualAllocation        = false                                  {pd product} {ergonomic}

Logging:
Log output configuration:
 #0: stdout all=warning uptime,level,tags
 #1: stderr all=off uptime,level,tags

Environment Variables:
PATH=C:/Desenvolvimento/tools/eclipse//plugins/org.eclipse.justj.openjdk.hotspot.jre.full.win32.x86_64_21.0.3.v20240426-1530/jre/bin/server;C:/Desenvolvimento/tools/eclipse//plugins/org.eclipse.justj.openjdk.hotspot.jre.full.win32.x86_64_21.0.3.v20240426-1530/jre/bin;C:\Program Files (x86)\Common Files\Oracle\Java\java8path;C:\Program Files (x86)\Common Files\Oracle\Java\javapath;C:\WINDOWS\system32;C:\WINDOWS;C:\WINDOWS\System32\Wbem;C:\WINDOWS\System32\WindowsPowerShell\v1.0\;C:\WINDOWS\System32\OpenSSH\;C:\Program Files (x86)\ATI Technologies\ATI.ACE\Core-Static;C:\Program Files (x86)\dotnet\;C:\Program Files\Microsoft SQL Server\Client SDK\ODBC\170\Tools\Binn\;C:\Program Files (x86)\Microsoft SQL Server\150\Tools\Binn\;C:\Program Files\Microsoft SQL Server\150\Tools\Binn\;C:\Program Files\Microsoft SQL Server\150\DTS\Binn\;C:\Program Files (x86)\AMD\ATI.ACE\Core-Static;C:\Program Files (x86)\Microsoft SQL Server\160\DTS\Binn\;C:\Program Files\Azure Data Studio\bin;C:\Program Files\nodejs\;C:\Program Files\dotnet\;C:\Program Files\Git\cmd;C:\Program Files\Docker\Docker\resources\bin;C:\Users\Rinaldo\AppData\Local\Programs\Python\Launcher\;C:\Users\Rinaldo\AppData\Local\Microsoft\WindowsApps;C:\Program Files\Azure Data Studio\bin;C:\Users\Rinaldo\AppData\Local\Programs\Microsoft VS Code\bin;C:\Users\Rinaldo\AppData\Roaming\npm;C:\Desenvolvimento\tools\eclipse;
USERNAME=Rinaldo
OS=Windows_NT
PROCESSOR_IDENTIFIER=AMD64 Family 25 Model 33 Stepping 2, AuthenticAMD



---------------  S Y S T E M  ---------------

OS:
 Windows 10 , 64 bit Build 19041 (10.0.19041.5678)
OS uptime: 0 days 0:15 hours
Hyper-V role detected

CPU: total 12 (initial active 12) (12 cores per cpu, 2 threads per core) family 25 model 33 stepping 2 microcode 0x0, cx8, cmov, fxsr, ht, mmx, 3dnowpref, sse, sse2, sse3, ssse3, sse4a, sse4.1, sse4.2, popcnt, lzcnt, tsc, tscinvbit, avx, avx2, aes, erms, clmul, bmi1, bmi2, adx, sha, fma, vzeroupper, clflush, clflushopt, hv

Memory: 4k page, system-wide physical 32678M (20562M free)
TotalPageFile size 37542M (AvailPageFile size 18011M)
current process WorkingSet (physical memory assigned to process): 294M, peak: 303M
current process commit charge ("private bytes"): 341M, peak: 676M

vm_info: Java HotSpot(TM) 64-Bit Server VM (17.0.11+7-LTS-207) for windows-amd64 JRE (17.0.11+7-LTS-207), built on Mar 11 2024 19:01:50 by "mach5one" with MS VC++ 17.6 (VS2022)

END.
